#! /usr/share/iverilog-0.10.0/bin/vvp
:ivl_version "0.10.0 (devel)" "(v0_9_6)";
:ivl_delay_selection "TYPICAL";
:vpi_time_precision - 9;
:vpi_module "system";
:vpi_module "vhdl_sys";
:vpi_module "v2005_math";
:vpi_module "va_math";
:vpi_module "v2009";
S_0x1d29040 .scope module, "bitwise_tb" "bitwise_tb" 2 3;
 .timescale -9 -9;
v0x1d3eab0_0 .var "t_a", 1 0;
v0x1d3ebc0_0 .var "t_b", 1 0;
v0x1d3ec90_0 .net "t_c", 0 0, v0x1d3e500_0;  1 drivers
S_0x1d277b0 .scope module, "bw1" "bitwise" 2 23, 3 2 0, S_0x1d29040;
 .timescale -9 -9;
    .port_info 0 /INPUT 2 "a"
    .port_info 1 /INPUT 2 "b"
    .port_info 2 /OUTPUT 1 "c"
v0x1d279d0_0 .net "a", 1 0, v0x1d3eab0_0;  1 drivers
v0x1d3e420_0 .net "b", 1 0, v0x1d3ebc0_0;  1 drivers
v0x1d3e500_0 .var "c", 0 0;
E_0x1d29570 .event edge, v0x1d279d0_0, v0x1d3e420_0;
S_0x1d3e650 .scope task, "comparison" "comparison" 2 11, 2 11 0, S_0x1d29040;
 .timescale -9 -9;
v0x1d3e820_0 .var "t_a", 1 0;
v0x1d3e900_0 .var "t_b", 1 0;
v0x1d3e9e0_0 .var "t_c", 0 0;
TD_bitwise_tb.comparison ;
    %vpi_call/w 2 13 "$display", "x=%d, y=%d", v0x1d3e820_0, v0x1d3e900_0 {0 0};
    %load/v 8, v0x1d3e9e0_0, 1;
    %jmp/0xz  T_0.0, 8;
    %vpi_call/w 2 16 "$display", "Given Numbers are same" {0 0};
    %jmp T_0.1;
T_0.0 ;
    %vpi_call/w 2 18 "$display", "Numbers are different" {0 0};
T_0.1 ;
    %end;
    .scope S_0x1d277b0;
T_1 ;
    %wait E_0x1d29570;
    %load/v 8, v0x1d279d0_0, 2;
    %load/v 10, v0x1d3e420_0, 2;
    %cmp/u 8, 10, 2;
    %jmp/0xz  T_1.0, 4;
    %cassign/v v0x1d3e500_0, 1, 1;
    %jmp T_1.1;
T_1.0 ;
    %cassign/v v0x1d3e500_0, 0, 1;
T_1.1 ;
    %jmp T_1;
    .thread T_1, $push;
    .scope S_0x1d29040;
T_2 ;
    %vpi_call/w 2 31 "$dumpfile", "bwt.vcd" {0 0};
    %vpi_call/w 2 32 "$dumpvars", 2'sb01, S_0x1d29040 {0 0};
    %set/v v0x1d3eab0_0, 1, 2;
    %movi 8, 2, 2;
    %set/v v0x1d3ebc0_0, 8, 2;
    %delay 10, 0;
    %load/v 8, v0x1d3eab0_0, 2;
    %set/v v0x1d3e820_0, 8, 2;
    %load/v 8, v0x1d3ebc0_0, 2;
    %set/v v0x1d3e900_0, 8, 2;
    %load/v 8, v0x1d3ec90_0, 1;
    %set/v v0x1d3e9e0_0, 8, 1;
    %fork TD_bitwise_tb.comparison, S_0x1d3e650;
    %join;
    %movi 8, 2, 2;
    %set/v v0x1d3eab0_0, 8, 2;
    %set/v v0x1d3ebc0_0, 1, 2;
    %delay 10, 0;
    %load/v 8, v0x1d3eab0_0, 2;
    %set/v v0x1d3e820_0, 8, 2;
    %load/v 8, v0x1d3ebc0_0, 2;
    %set/v v0x1d3e900_0, 8, 2;
    %load/v 8, v0x1d3ec90_0, 1;
    %set/v v0x1d3e9e0_0, 8, 1;
    %fork TD_bitwise_tb.comparison, S_0x1d3e650;
    %join;
    %movi 8, 2, 2;
    %set/v v0x1d3eab0_0, 8, 2;
    %movi 10, 2, 2;
    %set/v v0x1d3ebc0_0, 10, 2;
    %delay 10, 0;
    %load/v 8, v0x1d3eab0_0, 2;
    %set/v v0x1d3e820_0, 8, 2;
    %load/v 8, v0x1d3ebc0_0, 2;
    %set/v v0x1d3e900_0, 8, 2;
    %load/v 8, v0x1d3ec90_0, 1;
    %set/v v0x1d3e9e0_0, 8, 1;
    %fork TD_bitwise_tb.comparison, S_0x1d3e650;
    %join;
    %movi 8, 1, 2;
    %set/v v0x1d3eab0_0, 8, 2;
    %set/v v0x1d3ebc0_0, 1, 2;
    %delay 10, 0;
    %load/v 8, v0x1d3eab0_0, 2;
    %set/v v0x1d3e820_0, 8, 2;
    %load/v 8, v0x1d3ebc0_0, 2;
    %set/v v0x1d3e900_0, 8, 2;
    %load/v 8, v0x1d3ec90_0, 1;
    %set/v v0x1d3e9e0_0, 8, 1;
    %fork TD_bitwise_tb.comparison, S_0x1d3e650;
    %join;
    %vpi_call/w 2 60 "$finish" {0 0};
    %end;
    .thread T_2;
# The file index is used to find the file name in the following table.
:file_names 4;
    "N/A";
    "<interactive>";
    "testbench.sv";
    "design.sv";
